<?xml version="1.0" encoding="UTF-8"?>
<!-- Generated by org.testng.reporters.JUnitReportReporter -->
<testsuite hostname="DESKTOP-JI0LI40" failures="0" tests="6" name="api.tests.DataDrivenTesting" time="13.458" errors="0" timestamp="2024-03-07T12:03:08 IST" skipped="0">
  <testcase classname="api.tests.DataDrivenTesting" name="testProvider" time="1.596"/>
  <system-out/>
  <testcase classname="api.tests.DataDrivenTesting" name="testProvider" time="1.733"/>
  <system-out/>
  <testcase classname="api.tests.DataDrivenTesting" name="testProvider" time="5.227"/>
  <system-out/>
  <testcase classname="api.tests.DataDrivenTesting" name="delete" time="1.599"/>
  <system-out/>
  <testcase classname="api.tests.DataDrivenTesting" name="delete" time="1.706"/>
  <system-out/>
  <testcase classname="api.tests.DataDrivenTesting" name="delete" time="1.597"/>
  <system-out/>
</testsuite> <!-- api.tests.DataDrivenTesting -->
