<?xml version="1.0" encoding="UTF-8"?>
<!-- Generated by org.testng.reporters.JUnitReportReporter -->
<testsuite hostname="DESKTOP-JI0LI40" failures="0" tests="4" name="api.tests.UserTest" time="11.269" errors="0" timestamp="2024-03-08T17:12:56 IST" skipped="0">
  <testcase classname="api.tests.UserTest" name="test1" time="4.787"/>
  <system-out/>
  <testcase classname="api.tests.UserTest" name="test2" time="1.702"/>
  <system-out/>
  <testcase classname="api.tests.UserTest" name="putiing" time="3.189"/>
  <system-out/>
  <testcase classname="api.tests.UserTest" name="deleting" time="1.591"/>
  <system-out/>
</testsuite> <!-- api.tests.UserTest -->
