<?xml version="1.0" encoding="UTF-8"?>
<!-- Generated by org.testng.reporters.JUnitReportReporter -->
<testsuite hostname="DESKTOP-JI0LI40" failures="0" tests="4" name="api.tests.UserTest" time="11.260" errors="0" timestamp="8 Mar 2024 13:00:58 GMT">
  <testcase classname="api.tests.UserTest" name="deleting" time="1.915"/>
  <testcase classname="api.tests.UserTest" name="test2" time="1.767"/>
  <testcase classname="api.tests.UserTest" name="putiing" time="3.187"/>
  <testcase classname="api.tests.UserTest" name="test1" time="4.391"/>
</testsuite> <!-- api.tests.UserTest -->
