<?xml version="1.0" encoding="UTF-8"?>
<!-- Generated by org.testng.reporters.JUnitReportReporter -->
<testsuite hostname="DESKTOP-JI0LI40" failures="0" tests="4" name="api.tests.UserTest" time="11.581" errors="0" timestamp="10 Mar 2024 04:02:19 GMT">
  <testcase classname="api.tests.UserTest" name="deleting" time="1.910"/>
  <testcase classname="api.tests.UserTest" name="test2" time="2.063"/>
  <testcase classname="api.tests.UserTest" name="putiing" time="3.515"/>
  <testcase classname="api.tests.UserTest" name="test1" time="4.093"/>
</testsuite> <!-- api.tests.UserTest -->
